2024-08-07T18:44:45.143054+00:00 INFO 'ansible_navigator.setup_logger' New ansible-navigator instance, logging initialized
2024-08-07T18:44:45.143470+00:00 INFO 'ansible_navigator.setup_logger' New ansible-runner instance, logging initialized
2024-08-07T18:44:45.143542+00:00 DEBUG 'ansible_navigator.main' Babel==2.9.1 
2024-08-07T18:44:45.143605+00:00 DEBUG 'ansible_navigator.main' Jinja2==3.1.2 
2024-08-07T18:44:45.143658+00:00 DEBUG 'ansible_navigator.main' MarkupSafe==2.1.3 
2024-08-07T18:44:45.143723+00:00 DEBUG 'ansible_navigator.main' Parsley==1.3 
2024-08-07T18:44:45.143792+00:00 DEBUG 'ansible_navigator.main' PyJWT==2.8.0 
2024-08-07T18:44:45.143858+00:00 DEBUG 'ansible_navigator.main' PySocks==1.7.1 
2024-08-07T18:44:45.143911+00:00 DEBUG 'ansible_navigator.main' PyYAML==5.4.1 
2024-08-07T18:44:45.143963+00:00 DEBUG 'ansible_navigator.main' Pygments==2.16.1 
2024-08-07T18:44:45.144014+00:00 DEBUG 'ansible_navigator.main' aiohttp==3.9.1 /home/sysadmin/.local/lib/python3.9/site-packages/aiohttp/__init__.py
2024-08-07T18:44:45.144065+00:00 DEBUG 'ansible_navigator.main' aiosignal==1.3.1 /home/sysadmin/.local/lib/python3.9/site-packages/aiosignal/__init__.py
2024-08-07T18:44:45.144116+00:00 DEBUG 'ansible_navigator.main' ansible-builder==3.0.0 
2024-08-07T18:44:45.144171+00:00 DEBUG 'ansible_navigator.main' ansible-compat==4.1.10 
2024-08-07T18:44:45.144222+00:00 DEBUG 'ansible_navigator.main' ansible-core==2.15.4 
2024-08-07T18:44:45.144274+00:00 DEBUG 'ansible_navigator.main' ansible-lint==6.20.0 
2024-08-07T18:44:45.144342+00:00 DEBUG 'ansible_navigator.main' ansible-navigator==3.4.2 
2024-08-07T18:44:45.144403+00:00 DEBUG 'ansible_navigator.main' ansible-rulebook==1.0.4 
2024-08-07T18:44:45.144460+00:00 DEBUG 'ansible_navigator.main' ansible-runner==2.3.4 
2024-08-07T18:44:45.144513+00:00 DEBUG 'ansible_navigator.main' ansible==8.4.0 /usr/local/lib/python3.9/site-packages/ansible/__init__.py
2024-08-07T18:44:45.144564+00:00 DEBUG 'ansible_navigator.main' async-timeout==4.0.3 
2024-08-07T18:44:45.144619+00:00 DEBUG 'ansible_navigator.main' attrs==23.1.0 /usr/local/lib/python3.9/site-packages/attrs/__init__.py
2024-08-07T18:44:45.144672+00:00 DEBUG 'ansible_navigator.main' azure-core==1.30.0 
2024-08-07T18:44:45.144726+00:00 DEBUG 'ansible_navigator.main' azure-identity==1.15.0 
2024-08-07T18:44:45.144778+00:00 DEBUG 'ansible_navigator.main' azure-kusto-data==4.3.1 
2024-08-07T18:44:45.144834+00:00 DEBUG 'ansible_navigator.main' azure-kusto-ingest==4.3.1 
2024-08-07T18:44:45.144885+00:00 DEBUG 'ansible_navigator.main' azure-storage-blob==12.19.0 
2024-08-07T18:44:45.144940+00:00 DEBUG 'ansible_navigator.main' azure-storage-queue==12.9.0 
2024-08-07T18:44:45.144992+00:00 DEBUG 'ansible_navigator.main' bindep==2.11.0 /usr/local/lib/python3.9/site-packages/bindep/__init__.py
2024-08-07T18:44:45.145047+00:00 DEBUG 'ansible_navigator.main' black==23.9.1 /usr/local/lib64/python3.9/site-packages/black/__init__.cpython-39-x86_64-linux-gnu.so
2024-08-07T18:44:45.145099+00:00 DEBUG 'ansible_navigator.main' bracex==2.4 /usr/local/lib/python3.9/site-packages/bracex/__init__.py
2024-08-07T18:44:45.145154+00:00 DEBUG 'ansible_navigator.main' certifi==2023.7.22 /usr/local/lib/python3.9/site-packages/certifi/__init__.py
2024-08-07T18:44:45.145205+00:00 DEBUG 'ansible_navigator.main' cffi==1.15.1 /usr/local/lib64/python3.9/site-packages/cffi/__init__.py
2024-08-07T18:44:45.145257+00:00 DEBUG 'ansible_navigator.main' cfgv==3.4.0 /home/sysadmin/.local/lib/python3.9/site-packages/cfgv.py
2024-08-07T18:44:45.145311+00:00 DEBUG 'ansible_navigator.main' chardet==4.0.0 /usr/lib/python3.9/site-packages/chardet/__init__.py
2024-08-07T18:44:45.145384+00:00 DEBUG 'ansible_navigator.main' charset-normalizer==3.2.0 
2024-08-07T18:44:45.145442+00:00 DEBUG 'ansible_navigator.main' click==8.1.7 /usr/local/lib/python3.9/site-packages/click/__init__.py
2024-08-07T18:44:45.145494+00:00 DEBUG 'ansible_navigator.main' cloud-init==23.4 
2024-08-07T18:44:45.145546+00:00 DEBUG 'ansible_navigator.main' cockpit==311.2 /usr/lib/python3.9/site-packages/cockpit/__init__.py
2024-08-07T18:44:45.145620+00:00 DEBUG 'ansible_navigator.main' cryptography==41.0.4 /usr/local/lib64/python3.9/site-packages/cryptography/__init__.py
2024-08-07T18:44:45.145675+00:00 DEBUG 'ansible_navigator.main' dasbus==1.4 /usr/lib/python3.9/site-packages/dasbus/__init__.py
2024-08-07T18:44:45.145727+00:00 DEBUG 'ansible_navigator.main' dbus-python==1.2.18 
2024-08-07T18:44:45.145781+00:00 DEBUG 'ansible_navigator.main' decorator==4.4.2 /usr/lib/python3.9/site-packages/decorator.py
2024-08-07T18:44:45.145832+00:00 DEBUG 'ansible_navigator.main' distlib==0.3.7 /home/sysadmin/.local/lib/python3.9/site-packages/distlib/__init__.py
2024-08-07T18:44:45.145883+00:00 DEBUG 'ansible_navigator.main' distro==1.8.0 /usr/local/lib/python3.9/site-packages/distro/__init__.py
2024-08-07T18:44:45.145934+00:00 DEBUG 'ansible_navigator.main' docutils==0.20.1 /usr/local/lib/python3.9/site-packages/docutils/__init__.py
2024-08-07T18:44:45.145985+00:00 DEBUG 'ansible_navigator.main' dpath==2.1.6 /home/sysadmin/.local/lib/python3.9/site-packages/dpath/__init__.py
2024-08-07T18:44:45.146036+00:00 DEBUG 'ansible_navigator.main' drools-jpy==0.3.8 
2024-08-07T18:44:45.146087+00:00 DEBUG 'ansible_navigator.main' ethtool==0.15 /usr/lib64/python3.9/site-packages/ethtool.cpython-39-x86_64-linux-gnu.so
2024-08-07T18:44:45.146138+00:00 DEBUG 'ansible_navigator.main' file-magic==0.4.0 
2024-08-07T18:44:45.146189+00:00 DEBUG 'ansible_navigator.main' filelock==3.12.4 /usr/local/lib/python3.9/site-packages/filelock/__init__.py
2024-08-07T18:44:45.146240+00:00 DEBUG 'ansible_navigator.main' frozenlist==1.4.0 /home/sysadmin/.local/lib/python3.9/site-packages/frozenlist/__init__.py
2024-08-07T18:44:45.146292+00:00 DEBUG 'ansible_navigator.main' identify==2.5.31 /home/sysadmin/.local/lib/python3.9/site-packages/identify/__init__.py
2024-08-07T18:44:45.146361+00:00 DEBUG 'ansible_navigator.main' idna==2.10 /usr/lib/python3.9/site-packages/idna/__init__.py
2024-08-07T18:44:45.146415+00:00 DEBUG 'ansible_navigator.main' ijson==3.2.3 /home/sysadmin/.local/lib/python3.9/site-packages/ijson/__init__.py
2024-08-07T18:44:45.146467+00:00 DEBUG 'ansible_navigator.main' importlib-metadata==6.2.1 
2024-08-07T18:44:45.146518+00:00 DEBUG 'ansible_navigator.main' importlib-resources==5.0.7 
2024-08-07T18:44:45.146570+00:00 DEBUG 'ansible_navigator.main' inflection==0.5.1 /home/sysadmin/.local/lib/python3.9/site-packages/inflection/__init__.py
2024-08-07T18:44:45.146621+00:00 DEBUG 'ansible_navigator.main' iniparse==0.4 /usr/lib/python3.9/site-packages/iniparse/__init__.py
2024-08-07T18:44:45.146672+00:00 DEBUG 'ansible_navigator.main' isodate==0.6.1 /home/sysadmin/.local/lib/python3.9/site-packages/isodate/__init__.py
2024-08-07T18:44:45.146723+00:00 DEBUG 'ansible_navigator.main' janus==1.0.0 /home/sysadmin/.local/lib/python3.9/site-packages/janus/__init__.py
2024-08-07T18:44:45.146774+00:00 DEBUG 'ansible_navigator.main' jmespath==1.0.1 /home/sysadmin/.local/lib/python3.9/site-packages/jmespath/__init__.py
2024-08-07T18:44:45.146825+00:00 DEBUG 'ansible_navigator.main' jpy==0.14.0 /home/sysadmin/.local/lib/python3.9/site-packages/jpy.cpython-39-x86_64-linux-gnu.so
2024-08-07T18:44:45.146876+00:00 DEBUG 'ansible_navigator.main' jsonpatch==1.21 /usr/lib/python3.9/site-packages/jsonpatch.py
2024-08-07T18:44:45.146927+00:00 DEBUG 'ansible_navigator.main' jsonpointer==2.0 /usr/lib/python3.9/site-packages/jsonpointer.py
2024-08-07T18:44:45.146978+00:00 DEBUG 'ansible_navigator.main' jsonschema-specifications==2023.7.1 
2024-08-07T18:44:45.147029+00:00 DEBUG 'ansible_navigator.main' jsonschema==4.19.1 /usr/local/lib/python3.9/site-packages/jsonschema/__init__.py
2024-08-07T18:44:45.147080+00:00 DEBUG 'ansible_navigator.main' lockfile==0.12.2 /usr/local/lib/python3.9/site-packages/lockfile/__init__.py
2024-08-07T18:44:45.147131+00:00 DEBUG 'ansible_navigator.main' lxml==4.6.5 /usr/lib64/python3.9/site-packages/lxml/__init__.py
2024-08-07T18:44:45.147182+00:00 DEBUG 'ansible_navigator.main' markdown-it-py==3.0.0 
2024-08-07T18:44:45.147233+00:00 DEBUG 'ansible_navigator.main' mdurl==0.1.2 /usr/local/lib/python3.9/site-packages/mdurl/__init__.py
2024-08-07T18:44:45.147290+00:00 DEBUG 'ansible_navigator.main' msal-extensions==1.1.0 
2024-08-07T18:44:45.147359+00:00 DEBUG 'ansible_navigator.main' msal==1.26.0 /home/sysadmin/.local/lib/python3.9/site-packages/msal/__init__.py
2024-08-07T18:44:45.147449+00:00 DEBUG 'ansible_navigator.main' multidict==6.0.4 /home/sysadmin/.local/lib/python3.9/site-packages/multidict/__init__.py
2024-08-07T18:44:45.147515+00:00 DEBUG 'ansible_navigator.main' mypy-extensions==1.0.0 
2024-08-07T18:44:45.147566+00:00 DEBUG 'ansible_navigator.main' netifaces==0.10.6 /usr/lib64/python3.9/site-packages/netifaces.cpython-39-x86_64-linux-gnu.so
2024-08-07T18:44:45.147615+00:00 DEBUG 'ansible_navigator.main' nftables==0.1 /usr/lib/python3.9/site-packages/nftables/__init__.py
2024-08-07T18:44:45.147665+00:00 DEBUG 'ansible_navigator.main' nodeenv==1.8.0 /home/sysadmin/.local/lib/python3.9/site-packages/nodeenv.py
2024-08-07T18:44:45.147714+00:00 DEBUG 'ansible_navigator.main' oauthlib==3.1.1 /usr/lib/python3.9/site-packages/oauthlib/__init__.py
2024-08-07T18:44:45.147763+00:00 DEBUG 'ansible_navigator.main' onigurumacffi==1.2.0 /usr/local/lib64/python3.9/site-packages/onigurumacffi.py
2024-08-07T18:44:45.147812+00:00 DEBUG 'ansible_navigator.main' packaging==23.1 /usr/local/lib/python3.9/site-packages/packaging/__init__.py
2024-08-07T18:44:45.147861+00:00 DEBUG 'ansible_navigator.main' pathspec==0.11.2 /usr/local/lib/python3.9/site-packages/pathspec/__init__.py
2024-08-07T18:44:45.147911+00:00 DEBUG 'ansible_navigator.main' pbr==5.11.1 /usr/local/lib/python3.9/site-packages/pbr/__init__.py
2024-08-07T18:44:45.147959+00:00 DEBUG 'ansible_navigator.main' perf==0.1 /usr/lib64/python3.9/site-packages/perf.cpython-39-x86_64-linux-gnu.so
2024-08-07T18:44:45.148009+00:00 DEBUG 'ansible_navigator.main' pip==21.2.3 /usr/lib/python3.9/site-packages/pip/__init__.py
2024-08-07T18:44:45.148058+00:00 DEBUG 'ansible_navigator.main' platformdirs==3.10.0 /usr/local/lib/python3.9/site-packages/platformdirs/__init__.py
2024-08-07T18:44:45.148107+00:00 DEBUG 'ansible_navigator.main' ply==3.11 /usr/lib/python3.9/site-packages/ply/__init__.py
2024-08-07T18:44:45.148156+00:00 DEBUG 'ansible_navigator.main' portalocker==2.8.2 /home/sysadmin/.local/lib/python3.9/site-packages/portalocker/__init__.py
2024-08-07T18:44:45.148205+00:00 DEBUG 'ansible_navigator.main' pre-commit==3.5.0 
2024-08-07T18:44:45.148253+00:00 DEBUG 'ansible_navigator.main' prettytable==0.7.2 /usr/lib/python3.9/site-packages/prettytable.py
2024-08-07T18:44:45.148302+00:00 DEBUG 'ansible_navigator.main' psutil==5.8.0 /usr/lib64/python3.9/site-packages/psutil/__init__.py
2024-08-07T18:44:45.148369+00:00 DEBUG 'ansible_navigator.main' pycparser==2.21 /usr/local/lib/python3.9/site-packages/pycparser/__init__.py
2024-08-07T18:44:45.148421+00:00 DEBUG 'ansible_navigator.main' pyinotify==0.9.6 /usr/lib/python3.9/site-packages/pyinotify.py
2024-08-07T18:44:45.148471+00:00 DEBUG 'ansible_navigator.main' pyparsing==3.1.1 /home/sysadmin/.local/lib/python3.9/site-packages/pyparsing/__init__.py
2024-08-07T18:44:45.148520+00:00 DEBUG 'ansible_navigator.main' pyrsistent==0.17.3 /usr/lib64/python3.9/site-packages/pyrsistent/__init__.py
2024-08-07T18:44:45.148569+00:00 DEBUG 'ansible_navigator.main' pyserial==3.4 
2024-08-07T18:44:45.148618+00:00 DEBUG 'ansible_navigator.main' python-daemon==3.0.1 
2024-08-07T18:44:45.148680+00:00 DEBUG 'ansible_navigator.main' python-dateutil==2.8.1 
2024-08-07T18:44:45.148744+00:00 DEBUG 'ansible_navigator.main' python-linux-procfs==0.7.3 
2024-08-07T18:44:45.148795+00:00 DEBUG 'ansible_navigator.main' pytz==2021.1 /usr/lib/python3.9/site-packages/pytz/__init__.py
2024-08-07T18:44:45.148844+00:00 DEBUG 'ansible_navigator.main' pyudev==0.22.0 /usr/lib/python3.9/site-packages/pyudev/__init__.py
2024-08-07T18:44:45.148893+00:00 DEBUG 'ansible_navigator.main' referencing==0.30.2 /usr/local/lib/python3.9/site-packages/referencing/__init__.py
2024-08-07T18:44:45.148955+00:00 DEBUG 'ansible_navigator.main' requests==2.31.0 /usr/local/lib/python3.9/site-packages/requests/__init__.py
2024-08-07T18:44:45.149041+00:00 DEBUG 'ansible_navigator.main' requirements-parser==0.5.0 
2024-08-07T18:44:45.149093+00:00 DEBUG 'ansible_navigator.main' resolvelib==1.0.1 /usr/local/lib/python3.9/site-packages/resolvelib/__init__.py
2024-08-07T18:44:45.149143+00:00 DEBUG 'ansible_navigator.main' rhc-worker-playbook==0.1.8 
2024-08-07T18:44:45.149192+00:00 DEBUG 'ansible_navigator.main' rich==13.5.3 /usr/local/lib/python3.9/site-packages/rich/__init__.py
2024-08-07T18:44:45.149242+00:00 DEBUG 'ansible_navigator.main' rpds-py==0.10.3 
2024-08-07T18:44:45.149291+00:00 DEBUG 'ansible_navigator.main' ruamel.yaml.clib==0.2.7 
2024-08-07T18:44:45.149356+00:00 DEBUG 'ansible_navigator.main' ruamel.yaml==0.17.32 /usr/local/lib/python3.9/site-packages/ruamel/yaml/__init__.py
2024-08-07T18:44:45.149409+00:00 DEBUG 'ansible_navigator.main' selinux==3.6 /usr/lib64/python3.9/site-packages/selinux/__init__.py
2024-08-07T18:44:45.149459+00:00 DEBUG 'ansible_navigator.main' sepolicy==3.6 /usr/lib/python3.9/site-packages/sepolicy/__init__.py
2024-08-07T18:44:45.149508+00:00 DEBUG 'ansible_navigator.main' setools==4.4.4 /usr/lib64/python3.9/site-packages/setools/__init__.py
2024-08-07T18:44:45.149558+00:00 DEBUG 'ansible_navigator.main' setroubleshoot==3.3.32 /usr/lib/python3.9/site-packages/setroubleshoot/__init__.py
2024-08-07T18:44:45.149607+00:00 DEBUG 'ansible_navigator.main' setuptools==68.2.2 /usr/local/lib/python3.9/site-packages/setuptools/__init__.py
2024-08-07T18:44:45.149656+00:00 DEBUG 'ansible_navigator.main' six==1.15.0 /usr/lib/python3.9/site-packages/six.py
2024-08-07T18:44:45.149706+00:00 DEBUG 'ansible_navigator.main' sos==4.7.1 /usr/lib/python3.9/site-packages/sos/__init__.py
2024-08-07T18:44:45.149756+00:00 DEBUG 'ansible_navigator.main' subprocess-tee==0.4.1 
2024-08-07T18:44:45.149805+00:00 DEBUG 'ansible_navigator.main' subscription-manager==1.29.40 
2024-08-07T18:44:45.149854+00:00 DEBUG 'ansible_navigator.main' tenacity==8.2.3 /home/sysadmin/.local/lib/python3.9/site-packages/tenacity/__init__.py
2024-08-07T18:44:45.149903+00:00 DEBUG 'ansible_navigator.main' tomli==2.0.1 /usr/local/lib/python3.9/site-packages/tomli/__init__.py
2024-08-07T18:44:45.149966+00:00 DEBUG 'ansible_navigator.main' tqdm==4.66.2 /home/sysadmin/.local/lib/python3.9/site-packages/tqdm/__init__.py
2024-08-07T18:44:45.150018+00:00 DEBUG 'ansible_navigator.main' types-setuptools==68.2.0.0 
2024-08-07T18:44:45.150069+00:00 DEBUG 'ansible_navigator.main' typing_extensions==4.8.0 /usr/local/lib/python3.9/site-packages/typing_extensions.py
2024-08-07T18:44:45.150120+00:00 DEBUG 'ansible_navigator.main' tzdata==2023.3 /usr/local/lib/python3.9/site-packages/tzdata/__init__.py
2024-08-07T18:44:45.150183+00:00 DEBUG 'ansible_navigator.main' urllib3==1.26.5 /usr/lib/python3.9/site-packages/urllib3/__init__.py
2024-08-07T18:44:45.150234+00:00 DEBUG 'ansible_navigator.main' virtualenv==20.24.6 /home/sysadmin/.local/lib/python3.9/site-packages/virtualenv/__init__.py
2024-08-07T18:44:45.150283+00:00 DEBUG 'ansible_navigator.main' watchdog==3.0.0 /home/sysadmin/.local/lib/python3.9/site-packages/watchdog/__init__.py
2024-08-07T18:44:45.150343+00:00 DEBUG 'ansible_navigator.main' wcmatch==8.5 /usr/local/lib/python3.9/site-packages/wcmatch/__init__.py
2024-08-07T18:44:45.150403+00:00 DEBUG 'ansible_navigator.main' websockets==12.0 /home/sysadmin/.local/lib/python3.9/site-packages/websockets/__init__.py
2024-08-07T18:44:45.150469+00:00 DEBUG 'ansible_navigator.main' yamllint==1.32.0 /usr/local/lib/python3.9/site-packages/yamllint/__init__.py
2024-08-07T18:44:45.150520+00:00 DEBUG 'ansible_navigator.main' yarl==1.9.4 /home/sysadmin/.local/lib/python3.9/site-packages/yarl/__init__.py
2024-08-07T18:44:45.150583+00:00 DEBUG 'ansible_navigator.main' zipp==3.17.0 /usr/local/lib/python3.9/site-packages/zipp/__init__.py
2024-08-07T18:44:45.150636+00:00 DEBUG 'ansible_navigator.main' Default collection_doc_cache_path set to: /home/sysadmin/.cache/ansible-navigator/collection_doc_cache.db
2024-08-07T18:44:45.150686+00:00 DEBUG 'ansible_navigator.main' EDITOR environment variable not set
2024-08-07T18:44:45.150740+00:00 DEBUG 'ansible_navigator.main' Default editor_command set to: vi +{line_number} {filename}
2024-08-07T18:44:45.150791+00:00 DEBUG 'ansible_navigator.main' No config file set by ANSIBLE_NAVIGATOR_CONFIG
2024-08-07T18:44:45.150841+00:00 DEBUG 'ansible_navigator.main' Looking in /home/sysadmin
2024-08-07T18:44:45.150890+00:00 DEBUG 'ansible_navigator.main' Looking for '/home/sysadmin/.ansible-navigator.yml', '/home/sysadmin/.ansible-navigator.yaml' and '/home/sysadmin/.ansible-navigator.json'
2024-08-07T18:44:45.150955+00:00 DEBUG 'ansible_navigator.main' Found 1: '/home/sysadmin/.ansible-navigator.yml'
2024-08-07T18:44:45.151030+00:00 DEBUG 'ansible_navigator.main' Looking in /home/sysadmin/dev/demo-aap-snow/scripts
2024-08-07T18:44:45.151095+00:00 DEBUG 'ansible_navigator.main' Looking for '/home/sysadmin/dev/demo-aap-snow/scripts/ansible-navigator.yml', '/home/sysadmin/dev/demo-aap-snow/scripts/ansible-navigator.yaml' and '/home/sysadmin/dev/demo-aap-snow/scripts/ansible-navigator.json'
2024-08-07T18:44:45.151146+00:00 DEBUG 'ansible_navigator.main' Found 0: 
2024-08-07T18:44:45.151195+00:00 DEBUG 'ansible_navigator.main' All found 1: '/home/sysadmin/.ansible-navigator.yml'
2024-08-07T18:44:45.151245+00:00 DEBUG 'ansible_navigator.main' Using: /home/sysadmin/.ansible-navigator.yml
2024-08-07T18:44:45.151294+00:00 DEBUG 'ansible_navigator.main' Using settings file at /home/sysadmin/.ansible-navigator.yml in search path
2024-08-07T18:44:45.151360+00:00 DEBUG 'ansible_navigator.main' Command provided: '-i ../inventory.yml'
2024-08-07T18:44:45.151425+00:00 DEBUG 'ansible_navigator.main' ansible-navigator.ansible-runner.artifact-dir not found in settings file
2024-08-07T18:44:45.151478+00:00 DEBUG 'ansible_navigator.main' ansible-navigator.ansible-runner.rotate-artifacts-count not found in settings file
2024-08-07T18:44:45.151541+00:00 DEBUG 'ansible_navigator.main' ansible-navigator.ansible-runner.timeout not found in settings file
2024-08-07T18:44:45.151590+00:00 DEBUG 'ansible_navigator.main' ansible-navigator.ansible-runner.job-events not found in settings file
2024-08-07T18:44:45.151640+00:00 DEBUG 'ansible_navigator.main' ansible-navigator.app not found in settings file
2024-08-07T18:44:45.151689+00:00 DEBUG 'ansible_navigator.main' ansible-navigator.ansible.cmdline not found in settings file
2024-08-07T18:44:45.151739+00:00 DEBUG 'ansible_navigator.main' ansible-navigator.collection-doc-cache-path not found in settings file
2024-08-07T18:44:45.151788+00:00 DEBUG 'ansible_navigator.main' ansible-navigator.ansible.config.path not found in settings file
2024-08-07T18:44:45.151837+00:00 DEBUG 'ansible_navigator.main' ansible-navigator.execution-environment.container-engine not found in settings file
2024-08-07T18:44:45.151886+00:00 DEBUG 'ansible_navigator.main' ansible-navigator.execution-environment.container-options not found in settings file
2024-08-07T18:44:45.151936+00:00 DEBUG 'ansible_navigator.main' ansible-navigator.color.enable not found in settings file
2024-08-07T18:44:45.151998+00:00 DEBUG 'ansible_navigator.main' ansible-navigator.editor.command not found in settings file
2024-08-07T18:44:45.152049+00:00 DEBUG 'ansible_navigator.main' ansible-navigator.editor.console not found in settings file
2024-08-07T18:44:45.152099+00:00 DEBUG 'ansible_navigator.main' ansible-navigator.enable-prompts not found in settings file
2024-08-07T18:44:45.152148+00:00 DEBUG 'ansible_navigator.main' ansible-navigator.exec.command not found in settings file
2024-08-07T18:44:45.152197+00:00 DEBUG 'ansible_navigator.main' ansible-navigator.exec.shell not found in settings file
2024-08-07T18:44:45.152247+00:00 DEBUG 'ansible_navigator.main' ansible-navigator.execution-environment.enabled not found in settings file
2024-08-07T18:44:45.152296+00:00 DEBUG 'ansible_navigator.main' ansible-navigator.execution-environment.image not found in settings file
2024-08-07T18:44:45.152362+00:00 DEBUG 'ansible_navigator.main' ansible-navigator.execution-environment.volume-mounts not found in settings file
2024-08-07T18:44:45.152434+00:00 DEBUG 'ansible_navigator.main' ansible-navigator.format not found in settings file
2024-08-07T18:44:45.152499+00:00 DEBUG 'ansible_navigator.main' ansible-navigator.ansible-builder.help not found in settings file
2024-08-07T18:44:45.152550+00:00 DEBUG 'ansible_navigator.main' ansible-navigator.ansible.config.help not found in settings file
2024-08-07T18:44:45.152600+00:00 DEBUG 'ansible_navigator.main' ansible-navigator.ansible.doc.help not found in settings file
2024-08-07T18:44:45.152649+00:00 DEBUG 'ansible_navigator.main' ansible-navigator.ansible.inventory.help not found in settings file
2024-08-07T18:44:45.152698+00:00 DEBUG 'ansible_navigator.main' ansible-navigator.ansible.playbook.help not found in settings file
2024-08-07T18:44:45.152748+00:00 DEBUG 'ansible_navigator.main' ansible-navigator.images.details not found in settings file
2024-08-07T18:44:45.152797+00:00 DEBUG 'ansible_navigator.main' ansible-navigator.ansible.inventory.entries not found in settings file
2024-08-07T18:44:45.152847+00:00 DEBUG 'ansible_navigator.main' ansible-navigator.inventory-columns not found in settings file
2024-08-07T18:44:45.152896+00:00 DEBUG 'ansible_navigator.main' ansible-navigator.ansible-lint.config not found in settings file
2024-08-07T18:44:45.152945+00:00 DEBUG 'ansible_navigator.main' ansible-navigator.ansible-lint.lintables not found in settings file
2024-08-07T18:44:45.152994+00:00 DEBUG 'ansible_navigator.main' ansible-navigator.logging.append not found in settings file
2024-08-07T18:44:45.153044+00:00 DEBUG 'ansible_navigator.main' ansible-navigator.logging.file not found in settings file
2024-08-07T18:44:45.153093+00:00 DEBUG 'ansible_navigator.main' ansible-navigator.mode not found in settings file
2024-08-07T18:44:45.153142+00:00 DEBUG 'ansible_navigator.main' ansible-navigator.color.osc4 not found in settings file
2024-08-07T18:44:45.153192+00:00 DEBUG 'ansible_navigator.main' ansible-navigator.execution-environment.environment-variables.pass not found in settings file
2024-08-07T18:44:45.153241+00:00 DEBUG 'ansible_navigator.main' ansible-navigator.ansible.playbook.path not found in settings file
2024-08-07T18:44:45.153290+00:00 DEBUG 'ansible_navigator.main' ansible-navigator.playbook-artifact.replay not found in settings file
2024-08-07T18:44:45.153351+00:00 DEBUG 'ansible_navigator.main' ansible-navigator.playbook-artifact.save-as not found in settings file
2024-08-07T18:44:45.153419+00:00 DEBUG 'ansible_navigator.main' ansible-navigator.ansible.doc.plugin.name not found in settings file
2024-08-07T18:44:45.153473+00:00 DEBUG 'ansible_navigator.main' ansible-navigator.ansible.doc.plugin.type not found in settings file
2024-08-07T18:44:45.153536+00:00 DEBUG 'ansible_navigator.main' ansible-navigator.execution-environment.pull.arguments not found in settings file
2024-08-07T18:44:45.153586+00:00 DEBUG 'ansible_navigator.main' ansible-navigator.execution-environment.pull.policy not found in settings file
2024-08-07T18:44:45.153635+00:00 DEBUG 'ansible_navigator.main' ansible-navigator.execution-environment.environment-variables.set not found in settings file
2024-08-07T18:44:45.153684+00:00 DEBUG 'ansible_navigator.main' ansible-navigator.settings.effective not found in settings file
2024-08-07T18:44:45.153733+00:00 DEBUG 'ansible_navigator.main' ansible-navigator.settings.sample not found in settings file
2024-08-07T18:44:45.153782+00:00 DEBUG 'ansible_navigator.main' ansible-navigator.settings.schema not found in settings file
2024-08-07T18:44:45.153831+00:00 DEBUG 'ansible_navigator.main' ansible-navigator.settings.sources not found in settings file
2024-08-07T18:44:45.153881+00:00 DEBUG 'ansible_navigator.main' ansible-navigator.time-zone not found in settings file
2024-08-07T18:44:45.153929+00:00 DEBUG 'ansible_navigator.main' ansible-navigator.ansible-builder.workdir not found in settings file
2024-08-07T18:44:45.153983+00:00 WARNING 'ansible_navigator.main' Configuration errors encountered, rolling back to previous configuration.
2024-08-07T18:44:45.154045+00:00 DEBUG 'ansible_navigator.main' Prior to rollback: ansible_runner_artifact_dir = 'Not set' (Constants/Not set)
2024-08-07T18:44:45.154123+00:00 DEBUG 'ansible_navigator.main' Prior to rollback: ansible_runner_rotate_artifacts_count = 'Not set' (Constants/Not set)
2024-08-07T18:44:45.154175+00:00 DEBUG 'ansible_navigator.main' Prior to rollback: ansible_runner_timeout = 'Not set' (Constants/Not set)
2024-08-07T18:44:45.154224+00:00 DEBUG 'ansible_navigator.main' Prior to rollback: ansible_runner_write_job_events = 'False' (bool/Defaults)
2024-08-07T18:44:45.154273+00:00 DEBUG 'ansible_navigator.main' Prior to rollback: app = 'welcome' (str/Defaults)
2024-08-07T18:44:45.154323+00:00 DEBUG 'ansible_navigator.main' Prior to rollback: cmdline = '['-i', '../inventory.yml']' (list/Command line)
2024-08-07T18:44:45.154390+00:00 DEBUG 'ansible_navigator.main' Prior to rollback: collection_doc_cache_path = '/home/sysadmin/.cache/ansible-navigator/collection_doc_cache.db' (str/Defaults)
2024-08-07T18:44:45.154462+00:00 DEBUG 'ansible_navigator.main' Prior to rollback: config = 'Not set' (Constants/Not set)
2024-08-07T18:44:45.154527+00:00 DEBUG 'ansible_navigator.main' Prior to rollback: container_engine = 'auto' (str/Defaults)
2024-08-07T18:44:45.154577+00:00 DEBUG 'ansible_navigator.main' Prior to rollback: container_options = 'Not set' (Constants/Not set)
2024-08-07T18:44:45.154627+00:00 DEBUG 'ansible_navigator.main' Prior to rollback: display_color = 'True' (bool/Defaults)
2024-08-07T18:44:45.154676+00:00 DEBUG 'ansible_navigator.main' Prior to rollback: editor_command = 'vi +{line_number} {filename}' (str/Defaults)
2024-08-07T18:44:45.154725+00:00 DEBUG 'ansible_navigator.main' Prior to rollback: editor_console = 'True' (bool/Defaults)
2024-08-07T18:44:45.154774+00:00 DEBUG 'ansible_navigator.main' Prior to rollback: enable_prompts = 'False' (bool/Defaults)
2024-08-07T18:44:45.154823+00:00 DEBUG 'ansible_navigator.main' Prior to rollback: exec_command = '/bin/bash' (str/Defaults)
2024-08-07T18:44:45.154875+00:00 DEBUG 'ansible_navigator.main' Prior to rollback: exec_shell = 'True' (bool/Defaults)
2024-08-07T18:44:45.154925+00:00 DEBUG 'ansible_navigator.main' Prior to rollback: execution_environment = 'True' (bool/Defaults)
2024-08-07T18:44:45.154983+00:00 DEBUG 'ansible_navigator.main' Prior to rollback: execution_environment_image = 'ghcr.io/ansible/creator-ee:v0.18.0' (str/Defaults)
2024-08-07T18:44:45.155035+00:00 DEBUG 'ansible_navigator.main' Prior to rollback: execution_environment_volume_mounts = 'Not set' (Constants/Not set)
2024-08-07T18:44:45.155085+00:00 DEBUG 'ansible_navigator.main' Prior to rollback: format = 'yaml' (str/Defaults)
2024-08-07T18:44:45.155135+00:00 DEBUG 'ansible_navigator.main' Prior to rollback: help_builder = 'False' (bool/Defaults)
2024-08-07T18:44:45.155184+00:00 DEBUG 'ansible_navigator.main' Prior to rollback: help_config = 'False' (bool/Defaults)
2024-08-07T18:44:45.155233+00:00 DEBUG 'ansible_navigator.main' Prior to rollback: help_doc = 'False' (bool/Defaults)
2024-08-07T18:44:45.155282+00:00 DEBUG 'ansible_navigator.main' Prior to rollback: help_inventory = 'False' (bool/Defaults)
2024-08-07T18:44:45.155343+00:00 DEBUG 'ansible_navigator.main' Prior to rollback: help_playbook = 'False' (bool/Defaults)
2024-08-07T18:44:45.155399+00:00 DEBUG 'ansible_navigator.main' Prior to rollback: images_details = '['everything']' (list/Defaults)
2024-08-07T18:44:45.155465+00:00 DEBUG 'ansible_navigator.main' Prior to rollback: inventory = 'Not set' (Constants/Not set)
2024-08-07T18:44:45.155529+00:00 DEBUG 'ansible_navigator.main' Prior to rollback: inventory_column = 'Not set' (Constants/Not set)
2024-08-07T18:44:45.155579+00:00 DEBUG 'ansible_navigator.main' Prior to rollback: lint_config = 'Not set' (Constants/Not set)
2024-08-07T18:44:45.155628+00:00 DEBUG 'ansible_navigator.main' Prior to rollback: lintables = 'Not set' (Constants/Not set)
2024-08-07T18:44:45.155678+00:00 DEBUG 'ansible_navigator.main' Prior to rollback: log_append = 'True' (bool/Defaults)
2024-08-07T18:44:45.155750+00:00 DEBUG 'ansible_navigator.main' Prior to rollback: log_file = '/home/sysadmin/dev/demo-aap-snow/scripts/ansible-navigator.log' (str/Defaults)
2024-08-07T18:44:45.155815+00:00 DEBUG 'ansible_navigator.main' Prior to rollback: log_level = 'critical' (str/Settings file)
2024-08-07T18:44:45.155865+00:00 DEBUG 'ansible_navigator.main' Prior to rollback: mode = 'interactive' (str/Defaults)
2024-08-07T18:44:45.155916+00:00 DEBUG 'ansible_navigator.main' Prior to rollback: osc4 = 'True' (bool/Defaults)
2024-08-07T18:44:45.155966+00:00 DEBUG 'ansible_navigator.main' Prior to rollback: pass_environment_variable = 'Not set' (Constants/Not set)
2024-08-07T18:44:45.156015+00:00 DEBUG 'ansible_navigator.main' Prior to rollback: playbook = 'Not set' (Constants/Not set)
2024-08-07T18:44:45.156064+00:00 DEBUG 'ansible_navigator.main' Prior to rollback: playbook_artifact_enable = 'False' (bool/Settings file)
2024-08-07T18:44:45.156113+00:00 DEBUG 'ansible_navigator.main' Prior to rollback: playbook_artifact_replay = 'Not set' (Constants/Not set)
2024-08-07T18:44:45.156162+00:00 DEBUG 'ansible_navigator.main' Prior to rollback: playbook_artifact_save_as = '{playbook_dir}/{playbook_name}-artifact-{time_stamp}.json' (str/Defaults)
2024-08-07T18:44:45.156212+00:00 DEBUG 'ansible_navigator.main' Prior to rollback: plugin_name = 'Not set' (Constants/Not set)
2024-08-07T18:44:45.156260+00:00 DEBUG 'ansible_navigator.main' Prior to rollback: plugin_type = 'module' (str/Defaults)
2024-08-07T18:44:45.156310+00:00 DEBUG 'ansible_navigator.main' Prior to rollback: pull_arguments = 'Not set' (Constants/Not set)
2024-08-07T18:44:45.156380+00:00 DEBUG 'ansible_navigator.main' Prior to rollback: pull_policy = 'tag' (str/Defaults)
2024-08-07T18:44:45.156431+00:00 DEBUG 'ansible_navigator.main' Prior to rollback: set_environment_variable = 'Not set' (Constants/Not set)
2024-08-07T18:44:45.156481+00:00 DEBUG 'ansible_navigator.main' Prior to rollback: settings_effective = 'False' (bool/Defaults)
2024-08-07T18:44:45.156530+00:00 DEBUG 'ansible_navigator.main' Prior to rollback: settings_sample = 'False' (bool/Defaults)
2024-08-07T18:44:45.156579+00:00 DEBUG 'ansible_navigator.main' Prior to rollback: settings_schema = 'json' (str/Defaults)
2024-08-07T18:44:45.156628+00:00 DEBUG 'ansible_navigator.main' Prior to rollback: settings_sources = 'False' (bool/Defaults)
2024-08-07T18:44:45.156677+00:00 DEBUG 'ansible_navigator.main' Prior to rollback: time_zone = 'UTC' (str/Defaults)
2024-08-07T18:44:45.156727+00:00 DEBUG 'ansible_navigator.main' Prior to rollback: workdir = '/home/sysadmin/dev/demo-aap-snow/scripts' (str/Defaults)
2024-08-07T18:44:45.156776+00:00 DEBUG 'ansible_navigator.main' After rollback: ansible_runner_artifact_dir = 'Not set' (Constants/Not set)
2024-08-07T18:44:45.156825+00:00 DEBUG 'ansible_navigator.main' After rollback: ansible_runner_rotate_artifacts_count = 'Not set' (Constants/Not set)
2024-08-07T18:44:45.156873+00:00 DEBUG 'ansible_navigator.main' After rollback: ansible_runner_timeout = 'Not set' (Constants/Not set)
2024-08-07T18:44:45.156922+00:00 DEBUG 'ansible_navigator.main' After rollback: ansible_runner_write_job_events = 'Not set' (Constants/Not set)
2024-08-07T18:44:45.156971+00:00 DEBUG 'ansible_navigator.main' After rollback: app = 'Not set' (Constants/Not set)
2024-08-07T18:44:45.157047+00:00 DEBUG 'ansible_navigator.main' After rollback: cmdline = 'Not set' (Constants/Not set)
2024-08-07T18:44:45.157098+00:00 DEBUG 'ansible_navigator.main' After rollback: collection_doc_cache_path = 'Not set' (Constants/Not set)
2024-08-07T18:44:45.157147+00:00 DEBUG 'ansible_navigator.main' After rollback: config = 'Not set' (Constants/Not set)
2024-08-07T18:44:45.157196+00:00 DEBUG 'ansible_navigator.main' After rollback: container_engine = 'Not set' (Constants/Not set)
2024-08-07T18:44:45.157245+00:00 DEBUG 'ansible_navigator.main' After rollback: container_options = 'Not set' (Constants/Not set)
2024-08-07T18:44:45.157294+00:00 DEBUG 'ansible_navigator.main' After rollback: display_color = 'Not set' (Constants/Not set)
2024-08-07T18:44:45.157365+00:00 DEBUG 'ansible_navigator.main' After rollback: editor_command = 'Not set' (Constants/Not set)
2024-08-07T18:44:45.157417+00:00 DEBUG 'ansible_navigator.main' After rollback: editor_console = 'Not set' (Constants/Not set)
2024-08-07T18:44:45.157467+00:00 DEBUG 'ansible_navigator.main' After rollback: enable_prompts = 'Not set' (Constants/Not set)
2024-08-07T18:44:45.157516+00:00 DEBUG 'ansible_navigator.main' After rollback: exec_command = 'Not set' (Constants/Not set)
2024-08-07T18:44:45.157565+00:00 DEBUG 'ansible_navigator.main' After rollback: exec_shell = 'Not set' (Constants/Not set)
2024-08-07T18:44:45.157615+00:00 DEBUG 'ansible_navigator.main' After rollback: execution_environment = 'Not set' (Constants/Not set)
2024-08-07T18:44:45.157664+00:00 DEBUG 'ansible_navigator.main' After rollback: execution_environment_image = 'Not set' (Constants/Not set)
2024-08-07T18:44:45.157713+00:00 DEBUG 'ansible_navigator.main' After rollback: execution_environment_volume_mounts = 'Not set' (Constants/Not set)
2024-08-07T18:44:45.157763+00:00 DEBUG 'ansible_navigator.main' After rollback: format = 'Not set' (Constants/Not set)
2024-08-07T18:44:45.157812+00:00 DEBUG 'ansible_navigator.main' After rollback: help_builder = 'Not set' (Constants/Not set)
2024-08-07T18:44:45.157861+00:00 DEBUG 'ansible_navigator.main' After rollback: help_config = 'Not set' (Constants/Not set)
2024-08-07T18:44:45.157910+00:00 DEBUG 'ansible_navigator.main' After rollback: help_doc = 'Not set' (Constants/Not set)
2024-08-07T18:44:45.157959+00:00 DEBUG 'ansible_navigator.main' After rollback: help_inventory = 'Not set' (Constants/Not set)
2024-08-07T18:44:45.158019+00:00 DEBUG 'ansible_navigator.main' After rollback: help_playbook = 'Not set' (Constants/Not set)
2024-08-07T18:44:45.158069+00:00 DEBUG 'ansible_navigator.main' After rollback: images_details = 'Not set' (Constants/Not set)
2024-08-07T18:44:45.158118+00:00 DEBUG 'ansible_navigator.main' After rollback: inventory = 'Not set' (Constants/Not set)
2024-08-07T18:44:45.158168+00:00 DEBUG 'ansible_navigator.main' After rollback: inventory_column = 'Not set' (Constants/Not set)
2024-08-07T18:44:45.158217+00:00 DEBUG 'ansible_navigator.main' After rollback: lint_config = 'Not set' (Constants/Not set)
2024-08-07T18:44:45.158267+00:00 DEBUG 'ansible_navigator.main' After rollback: lintables = 'Not set' (Constants/Not set)
2024-08-07T18:44:45.158316+00:00 DEBUG 'ansible_navigator.main' After rollback: log_append = 'Not set' (Constants/Not set)
2024-08-07T18:44:45.158382+00:00 DEBUG 'ansible_navigator.main' After rollback: log_file = 'Not set' (Constants/Not set)
2024-08-07T18:44:45.158433+00:00 DEBUG 'ansible_navigator.main' After rollback: log_level = 'Not set' (Constants/Not set)
2024-08-07T18:44:45.158483+00:00 DEBUG 'ansible_navigator.main' After rollback: mode = 'Not set' (Constants/Not set)
2024-08-07T18:44:45.158532+00:00 DEBUG 'ansible_navigator.main' After rollback: osc4 = 'Not set' (Constants/Not set)
2024-08-07T18:44:45.158581+00:00 DEBUG 'ansible_navigator.main' After rollback: pass_environment_variable = 'Not set' (Constants/Not set)
2024-08-07T18:44:45.158630+00:00 DEBUG 'ansible_navigator.main' After rollback: playbook = 'Not set' (Constants/Not set)
2024-08-07T18:44:45.158679+00:00 DEBUG 'ansible_navigator.main' After rollback: playbook_artifact_enable = 'Not set' (Constants/Not set)
2024-08-07T18:44:45.158728+00:00 DEBUG 'ansible_navigator.main' After rollback: playbook_artifact_replay = 'Not set' (Constants/Not set)
2024-08-07T18:44:45.158778+00:00 DEBUG 'ansible_navigator.main' After rollback: playbook_artifact_save_as = 'Not set' (Constants/Not set)
2024-08-07T18:44:45.158827+00:00 DEBUG 'ansible_navigator.main' After rollback: plugin_name = 'Not set' (Constants/Not set)
2024-08-07T18:44:45.158876+00:00 DEBUG 'ansible_navigator.main' After rollback: plugin_type = 'Not set' (Constants/Not set)
2024-08-07T18:44:45.158925+00:00 DEBUG 'ansible_navigator.main' After rollback: pull_arguments = 'Not set' (Constants/Not set)
2024-08-07T18:44:45.158992+00:00 DEBUG 'ansible_navigator.main' After rollback: pull_policy = 'Not set' (Constants/Not set)
2024-08-07T18:44:45.159045+00:00 DEBUG 'ansible_navigator.main' After rollback: set_environment_variable = 'Not set' (Constants/Not set)
2024-08-07T18:44:45.159095+00:00 DEBUG 'ansible_navigator.main' After rollback: settings_effective = 'Not set' (Constants/Not set)
2024-08-07T18:44:45.159144+00:00 DEBUG 'ansible_navigator.main' After rollback: settings_sample = 'Not set' (Constants/Not set)
2024-08-07T18:44:45.159194+00:00 DEBUG 'ansible_navigator.main' After rollback: settings_schema = 'Not set' (Constants/Not set)
2024-08-07T18:44:45.159243+00:00 DEBUG 'ansible_navigator.main' After rollback: settings_sources = 'Not set' (Constants/Not set)
2024-08-07T18:44:45.159292+00:00 DEBUG 'ansible_navigator.main' After rollback: time_zone = 'Not set' (Constants/Not set)
2024-08-07T18:44:45.159356+00:00 DEBUG 'ansible_navigator.main' After rollback: workdir = 'Not set' (Constants/Not set)
2024-08-07T18:44:45.159409+00:00 DEBUG 'ansible_navigator.main' Configuration rollback complete.
2024-08-07T18:44:45.159459+00:00 DEBUG 'ansible_navigator.main' Collection doc cache not mounted
2024-08-07T18:44:45.159526+00:00 WARNING 'ansible_navigator.main' Issues were found while applying the settings.
2024-08-07T18:44:45.159585+00:00 INFO 'ansible_navigator.main' Command provided: '-i ../inventory.yml'
2024-08-07T18:44:45.159644+00:00 ERROR 'ansible_navigator.main' argument {subcommand} --help: invalid choice: '../inventory.yml' (choose from 'builder', 'collections', 'config', 'doc', 'exec', 'images', 'inventory', 'lint', 'replay', 'run', 'settings', 'welcome')
2024-08-07T18:44:45.159699+00:00 INFO 'ansible_navigator.main' Configuration failed, using default log file location. (/home/sysadmin/dev/demo-aap-snow/scripts/ansible-navigator.log) Log level set to debug
2024-08-07T18:44:45.159754+00:00 INFO 'ansible_navigator.main' Review the hints and log file to see what went wrong.
2024-08-08T02:24:00.383141+00:00 CRITICAL 'ansible_navigator.actions.run_20ef._handle_message' Unhandled message from runner queue, discarded: {'event': 'verbose', 'uuid': '9531001b-9a32-4826-8804-ef731d3fe339', 'counter': 1, 'stdout': "\x1b[0;31mERROR! couldn't resolve module/action 'servicenow.itsm.change_request'. This often indicates a misspelling, missing collection, or incorrect module path.\x1b[0m", 'start_line': 0, 'end_line': 1, 'runner_ident': '3a228fea-0550-4c0f-95d9-5826b1049b8a', 'created': '2024-08-08T02:24:00.382672'}
2024-08-08T02:24:00.384693+00:00 CRITICAL 'ansible_navigator.actions.run_20ef._handle_message' Unhandled message from runner queue, discarded: {'event': 'verbose', 'uuid': '886f2989-0511-4238-a4ec-a18b1972f6f9', 'counter': 2, 'stdout': '\x1b[0;31m\x1b[0m', 'start_line': 1, 'end_line': 2, 'runner_ident': '3a228fea-0550-4c0f-95d9-5826b1049b8a', 'created': '2024-08-08T02:24:00.383581'}
2024-08-08T02:24:00.384942+00:00 CRITICAL 'ansible_navigator.actions.run_20ef._handle_message' Unhandled message from runner queue, discarded: {'event': 'verbose', 'uuid': '1db2f267-2df0-4efe-9634-1f0507978dab', 'counter': 3, 'stdout': "\x1b[0;31mThe error appears to be in '/home/sysadmin/dev/demo-aap-snow/playbooks/snow_change_request_wait.yml': line 9, column 11, but may\x1b[0m", 'start_line': 2, 'end_line': 3, 'runner_ident': '3a228fea-0550-4c0f-95d9-5826b1049b8a', 'created': '2024-08-08T02:24:00.383729'}
2024-08-08T02:24:00.385211+00:00 CRITICAL 'ansible_navigator.actions.run_20ef._handle_message' Unhandled message from runner queue, discarded: {'event': 'verbose', 'uuid': '9509db23-fa3e-4b5e-b694-8bdc561d4a7c', 'counter': 4, 'stdout': '\x1b[0;31mbe elsewhere in the file depending on the exact syntax problem.\x1b[0m', 'start_line': 3, 'end_line': 4, 'runner_ident': '3a228fea-0550-4c0f-95d9-5826b1049b8a', 'created': '2024-08-08T02:24:00.384138'}
2024-08-08T02:24:00.385469+00:00 CRITICAL 'ansible_navigator.actions.run_20ef._handle_message' Unhandled message from runner queue, discarded: {'event': 'verbose', 'uuid': '6e251123-1763-4cb7-a29f-e5b7bb4d771b', 'counter': 5, 'stdout': '\x1b[0;31m\x1b[0m', 'start_line': 4, 'end_line': 5, 'runner_ident': '3a228fea-0550-4c0f-95d9-5826b1049b8a', 'created': '2024-08-08T02:24:00.384265'}
2024-08-08T02:24:00.385749+00:00 CRITICAL 'ansible_navigator.actions.run_20ef._handle_message' Unhandled message from runner queue, discarded: {'event': 'verbose', 'uuid': '9bbf8ab4-b2dd-4078-b808-e2a5039e3df3', 'counter': 6, 'stdout': '\x1b[0;31mThe offending line appears to be:\x1b[0m', 'start_line': 5, 'end_line': 6, 'runner_ident': '3a228fea-0550-4c0f-95d9-5826b1049b8a', 'created': '2024-08-08T02:24:00.384388'}
2024-08-08T02:24:00.385958+00:00 CRITICAL 'ansible_navigator.actions.run_20ef._handle_message' Unhandled message from runner queue, discarded: {'event': 'verbose', 'uuid': '45bb16f9-c279-4e15-981b-e3d733f79675', 'counter': 7, 'stdout': '\x1b[0;31m\x1b[0m', 'start_line': 6, 'end_line': 7, 'runner_ident': '3a228fea-0550-4c0f-95d9-5826b1049b8a', 'created': '2024-08-08T02:24:00.384502'}
2024-08-08T02:24:00.386164+00:00 CRITICAL 'ansible_navigator.actions.run_20ef._handle_message' Unhandled message from runner queue, discarded: {'event': 'verbose', 'uuid': '3d762e51-443b-40a8-aa7d-59bd67d101e7', 'counter': 8, 'stdout': '\x1b[0;31m      block:\x1b[0m', 'start_line': 7, 'end_line': 8, 'runner_ident': '3a228fea-0550-4c0f-95d9-5826b1049b8a', 'created': '2024-08-08T02:24:00.384777'}
2024-08-08T02:24:00.386380+00:00 CRITICAL 'ansible_navigator.actions.run_20ef._handle_message' Unhandled message from runner queue, discarded: {'event': 'verbose', 'uuid': '58b06081-f9c3-475a-9268-8b9469d18aea', 'counter': 9, 'stdout': '\x1b[0;31m        - name: Create ServiceNow Change Request\x1b[0m', 'start_line': 8, 'end_line': 9, 'runner_ident': '3a228fea-0550-4c0f-95d9-5826b1049b8a', 'created': '2024-08-08T02:24:00.385032'}
2024-08-08T02:24:00.386570+00:00 CRITICAL 'ansible_navigator.actions.run_20ef._handle_message' Unhandled message from runner queue, discarded: {'event': 'verbose', 'uuid': '7de00b40-db00-4fd3-8f25-d9c739228453', 'counter': 10, 'stdout': '\x1b[0;31m          ^ here\x1b[0m', 'start_line': 9, 'end_line': 10, 'runner_ident': '3a228fea-0550-4c0f-95d9-5826b1049b8a', 'created': '2024-08-08T02:24:00.385292'}
2024-09-10T14:45:16.147901+00:00 CRITICAL 'ansible_navigator.actions.run_bf77._handle_message' Unhandled message from runner queue, discarded: {'event': 'verbose', 'uuid': '98d5c0df-3b63-46cd-af22-298ecdec5039', 'counter': 1, 'stdout': '\x1b[1;35m[WARNING]: No inventory was parsed, only implicit localhost is available\x1b[0m', 'start_line': 0, 'end_line': 1, 'runner_ident': 'db21a732-e021-4c5a-90cb-190ef13d221f', 'created': '2024-09-10T14:45:16.147165'}
2024-09-10T14:45:16.149323+00:00 CRITICAL 'ansible_navigator.actions.run_bf77._handle_message' Unhandled message from runner queue, discarded: {'event': 'verbose', 'uuid': 'ea932f19-a320-4c62-947c-a53e39f53ecd', 'counter': 2, 'stdout': '\x1b[1;35m[WARNING]: provided hosts list is empty, only localhost is available. Note that\x1b[0m', 'start_line': 1, 'end_line': 2, 'runner_ident': 'db21a732-e021-4c5a-90cb-190ef13d221f', 'created': '2024-09-10T14:45:16.147499'}
2024-09-10T14:45:16.149446+00:00 CRITICAL 'ansible_navigator.actions.run_bf77._handle_message' Unhandled message from runner queue, discarded: {'event': 'verbose', 'uuid': 'd1011a59-ee2b-4d81-ba1e-a8a0b5bde26e', 'counter': 3, 'stdout': "\x1b[1;35mthe implicit localhost does not match 'all'\x1b[0m", 'start_line': 2, 'end_line': 3, 'runner_ident': 'db21a732-e021-4c5a-90cb-190ef13d221f', 'created': '2024-09-10T14:45:16.147627'}
